# Logfile created on 2014-08-22 16:24:21 +1000 by logger.rb/44203
I, [2014-08-22T16:24:21.772047 #5320]  INFO -- : 0:  rake (10.3.2) from /Users/vlad.ivanovic/.rvm/gems/ruby-2.1.0@global/specifications/rake-10.3.2.gemspec
I, [2014-08-22T16:24:21.772435 #5320]  INFO -- : 0:  i18n (0.6.11) from /Users/vlad.ivanovic/.rvm/gems/ruby-2.1.0/specifications/i18n-0.6.11.gemspec
I, [2014-08-22T16:24:21.772696 #5320]  INFO -- : 0:  json (1.8.1) from /Users/vlad.ivanovic/.rvm/rubies/ruby-2.1.0/lib/ruby/gems/2.1.0/specifications/default/json-1.8.1.gemspec
I, [2014-08-22T16:24:21.772976 #5320]  INFO -- : 0:  minitest (5.4.0) from /Users/vlad.ivanovic/.rvm/gems/ruby-2.1.0/specifications/minitest-5.4.0.gemspec
I, [2014-08-22T16:24:21.773248 #5320]  INFO -- : 0:  thread_safe (0.3.4) from /Users/vlad.ivanovic/.rvm/gems/ruby-2.1.0@global/specifications/thread_safe-0.3.4.gemspec
I, [2014-08-22T16:24:21.773509 #5320]  INFO -- : 0:  tzinfo (1.2.2) from /Users/vlad.ivanovic/.rvm/gems/ruby-2.1.0/specifications/tzinfo-1.2.2.gemspec
I, [2014-08-22T16:24:23.354443 #5320]  INFO -- : 0:  activesupport (4.1.5) from /Users/vlad.ivanovic/.rvm/gems/ruby-2.1.0/specifications/activesupport-4.1.5.gemspec
I, [2014-08-22T16:24:23.354827 #5320]  INFO -- : 0:  bundler (1.5.1) from /Users/vlad.ivanovic/.rvm/gems/ruby-2.1.0@global/specifications/bundler-1.5.1.gemspec
I, [2014-08-22T16:24:23.355099 #5320]  INFO -- : 0:  diff-lcs (1.2.5) from /Users/vlad.ivanovic/.rvm/gems/ruby-2.1.0/specifications/diff-lcs-1.2.5.gemspec
I, [2014-08-22T16:24:23.355362 #5320]  INFO -- : 0:  tilt (1.4.1) from /Users/vlad.ivanovic/.rvm/gems/ruby-2.1.0/specifications/tilt-1.4.1.gemspec
I, [2014-08-22T16:24:24.305293 #5320]  INFO -- : 0:  haml (4.0.5) from /Users/vlad.ivanovic/.rvm/gems/ruby-2.1.0/specifications/haml-4.0.5.gemspec
I, [2014-08-22T16:24:24.305707 #5320]  INFO -- : 0:  rack (1.5.2) from /Users/vlad.ivanovic/.rvm/gems/ruby-2.1.0/specifications/rack-1.5.2.gemspec
I, [2014-08-22T16:24:24.306012 #5320]  INFO -- : 0:  url_mount (0.2.1) from /Users/vlad.ivanovic/.rvm/gems/ruby-2.1.0/specifications/url_mount-0.2.1.gemspec
I, [2014-08-22T16:24:24.306342 #5320]  INFO -- : 0:  http_router (0.11.1) from /Users/vlad.ivanovic/.rvm/gems/ruby-2.1.0/specifications/http_router-0.11.1.gemspec
I, [2014-08-22T16:24:24.306699 #5320]  INFO -- : 0:  mime-types (1.25.1) from /Users/vlad.ivanovic/.rvm/gems/ruby-2.1.0@global/specifications/mime-types-1.25.1.gemspec
I, [2014-08-22T16:24:24.307017 #5320]  INFO -- : 0:  polyglot (0.3.5) from /Users/vlad.ivanovic/.rvm/gems/ruby-2.1.0@global/specifications/polyglot-0.3.5.gemspec
I, [2014-08-22T16:24:24.307610 #5320]  INFO -- : 0:  treetop (1.4.15) from /Users/vlad.ivanovic/.rvm/gems/ruby-2.1.0@global/specifications/treetop-1.4.15.gemspec
I, [2014-08-22T16:24:24.307942 #5320]  INFO -- : 0:  mail (2.5.4) from /Users/vlad.ivanovic/.rvm/gems/ruby-2.1.0@global/specifications/mail-2.5.4.gemspec
I, [2014-08-22T16:24:24.308239 #5320]  INFO -- : 0:  moneta (0.7.20) from /Users/vlad.ivanovic/.rvm/gems/ruby-2.1.0/specifications/moneta-0.7.20.gemspec
I, [2014-08-22T16:24:24.308542 #5320]  INFO -- : 0:  padrino-support (0.12.3) from /Users/vlad.ivanovic/.rvm/gems/ruby-2.1.0/specifications/padrino-support-0.12.3.gemspec
I, [2014-08-22T16:24:24.308806 #5320]  INFO -- : 0:  rack-protection (1.5.3) from /Users/vlad.ivanovic/.rvm/gems/ruby-2.1.0/specifications/rack-protection-1.5.3.gemspec
I, [2014-08-22T16:24:24.309068 #5320]  INFO -- : 0:  sinatra (1.4.5) from /Users/vlad.ivanovic/.rvm/gems/ruby-2.1.0/specifications/sinatra-1.4.5.gemspec
I, [2014-08-22T16:24:24.309326 #5320]  INFO -- : 0:  thor (0.19.1) from /Users/vlad.ivanovic/.rvm/gems/ruby-2.1.0@global/specifications/thor-0.19.1.gemspec
I, [2014-08-22T16:24:24.309579 #5320]  INFO -- : 0:  padrino-core (0.12.3) from /Users/vlad.ivanovic/.rvm/gems/ruby-2.1.0/specifications/padrino-core-0.12.3.gemspec
I, [2014-08-22T16:24:24.309825 #5320]  INFO -- : 0:  padrino-helpers (0.12.3) from /Users/vlad.ivanovic/.rvm/gems/ruby-2.1.0/specifications/padrino-helpers-0.12.3.gemspec
I, [2014-08-22T16:24:24.310071 #5320]  INFO -- : 0:  padrino-admin (0.12.3) from /Users/vlad.ivanovic/.rvm/gems/ruby-2.1.0/specifications/padrino-admin-0.12.3.gemspec
I, [2014-08-22T16:24:24.310342 #5320]  INFO -- : 0:  padrino-cache (0.12.3) from /Users/vlad.ivanovic/.rvm/gems/ruby-2.1.0/specifications/padrino-cache-0.12.3.gemspec
I, [2014-08-22T16:24:24.310593 #5320]  INFO -- : 0:  padrino-gen (0.12.3) from /Users/vlad.ivanovic/.rvm/gems/ruby-2.1.0/specifications/padrino-gen-0.12.3.gemspec
I, [2014-08-22T16:24:24.310841 #5320]  INFO -- : 0:  padrino-mailer (0.12.3) from /Users/vlad.ivanovic/.rvm/gems/ruby-2.1.0/specifications/padrino-mailer-0.12.3.gemspec
I, [2014-08-22T16:24:24.311084 #5320]  INFO -- : 0:  padrino (0.12.3) from /Users/vlad.ivanovic/.rvm/gems/ruby-2.1.0/specifications/padrino-0.12.3.gemspec
I, [2014-08-22T16:24:24.311351 #5320]  INFO -- : 0:  pg (0.17.1) from /Users/vlad.ivanovic/.rvm/gems/ruby-2.1.0/specifications/pg-0.17.1.gemspec
I, [2014-08-22T16:24:24.311621 #5320]  INFO -- : 0:  rack-test (0.6.2) from /Users/vlad.ivanovic/.rvm/gems/ruby-2.1.0/specifications/rack-test-0.6.2.gemspec
I, [2014-08-22T16:24:25.337916 #5320]  INFO -- : 0:  rr (1.1.2) from /Users/vlad.ivanovic/.rvm/gems/ruby-2.1.0/specifications/rr-1.1.2.gemspec
I, [2014-08-22T16:24:26.179267 #5320]  INFO -- : 0:  rspec-support (3.0.4) from /Users/vlad.ivanovic/.rvm/gems/ruby-2.1.0/specifications/rspec-support-3.0.4.gemspec
I, [2014-08-22T16:24:27.303995 #5320]  INFO -- : 0:  rspec-core (3.0.4) from /Users/vlad.ivanovic/.rvm/gems/ruby-2.1.0/specifications/rspec-core-3.0.4.gemspec
I, [2014-08-22T16:24:28.589250 #5320]  INFO -- : 0:  rspec-expectations (3.0.4) from /Users/vlad.ivanovic/.rvm/gems/ruby-2.1.0/specifications/rspec-expectations-3.0.4.gemspec
I, [2014-08-22T16:24:29.453290 #5320]  INFO -- : 0:  rspec-mocks (3.0.4) from /Users/vlad.ivanovic/.rvm/gems/ruby-2.1.0/specifications/rspec-mocks-3.0.4.gemspec
I, [2014-08-22T16:24:29.453669 #5320]  INFO -- : 0:  rspec (3.0.0) from /Users/vlad.ivanovic/.rvm/gems/ruby-2.1.0/specifications/rspec-3.0.0.gemspec
I, [2014-08-22T16:24:30.554621 #5320]  INFO -- : 0:  sass (3.4.0) from /Users/vlad.ivanovic/.rvm/gems/ruby-2.1.0/specifications/sass-3.4.0.gemspec
I, [2014-08-22T16:24:32.248150 #5320]  INFO -- : 0:  sequel (4.13.0) from /Users/vlad.ivanovic/.rvm/gems/ruby-2.1.0/specifications/sequel-4.13.0.gemspec
I, [2014-08-22T16:25:44.918603 #5396]  INFO -- : 0:  rake (10.3.2) from /Users/vlad.ivanovic/.rvm/gems/ruby-2.1.0@global/specifications/rake-10.3.2.gemspec
I, [2014-08-22T16:25:44.919010 #5396]  INFO -- : 0:  i18n (0.6.11) from /Users/vlad.ivanovic/.rvm/gems/ruby-2.1.0/specifications/i18n-0.6.11.gemspec
I, [2014-08-22T16:25:44.919299 #5396]  INFO -- : 0:  json (1.8.1) from /Users/vlad.ivanovic/.rvm/rubies/ruby-2.1.0/lib/ruby/gems/2.1.0/specifications/default/json-1.8.1.gemspec
I, [2014-08-22T16:25:44.919606 #5396]  INFO -- : 0:  minitest (5.4.0) from /Users/vlad.ivanovic/.rvm/gems/ruby-2.1.0/specifications/minitest-5.4.0.gemspec
I, [2014-08-22T16:25:44.919904 #5396]  INFO -- : 0:  thread_safe (0.3.4) from /Users/vlad.ivanovic/.rvm/gems/ruby-2.1.0@global/specifications/thread_safe-0.3.4.gemspec
I, [2014-08-22T16:25:44.920169 #5396]  INFO -- : 0:  tzinfo (1.2.2) from /Users/vlad.ivanovic/.rvm/gems/ruby-2.1.0/specifications/tzinfo-1.2.2.gemspec
I, [2014-08-22T16:25:44.920478 #5396]  INFO -- : 0:  activesupport (4.1.5) from /Users/vlad.ivanovic/.rvm/gems/ruby-2.1.0/specifications/activesupport-4.1.5.gemspec
I, [2014-08-22T16:25:44.920726 #5396]  INFO -- : 0:  bundler (1.5.1) from /Users/vlad.ivanovic/.rvm/gems/ruby-2.1.0@global/specifications/bundler-1.5.1.gemspec
I, [2014-08-22T16:25:44.921004 #5396]  INFO -- : 0:  coffee-script-source (1.7.1) from /Users/vlad.ivanovic/.rvm/gems/ruby-2.1.0/specifications/coffee-script-source-1.7.1.gemspec
I, [2014-08-22T16:25:44.921272 #5396]  INFO -- : 0:  execjs (2.2.1) from /Users/vlad.ivanovic/.rvm/gems/ruby-2.1.0/specifications/execjs-2.2.1.gemspec
I, [2014-08-22T16:25:44.921551 #5396]  INFO -- : 0:  coffee-script (2.3.0) from /Users/vlad.ivanovic/.rvm/gems/ruby-2.1.0/specifications/coffee-script-2.3.0.gemspec
I, [2014-08-22T16:25:44.921825 #5396]  INFO -- : 0:  diff-lcs (1.2.5) from /Users/vlad.ivanovic/.rvm/gems/ruby-2.1.0/specifications/diff-lcs-1.2.5.gemspec
I, [2014-08-22T16:25:44.922076 #5396]  INFO -- : 0:  tilt (1.4.1) from /Users/vlad.ivanovic/.rvm/gems/ruby-2.1.0/specifications/tilt-1.4.1.gemspec
I, [2014-08-22T16:25:44.922358 #5396]  INFO -- : 0:  haml (4.0.5) from /Users/vlad.ivanovic/.rvm/gems/ruby-2.1.0/specifications/haml-4.0.5.gemspec
I, [2014-08-22T16:25:44.922617 #5396]  INFO -- : 0:  rack (1.5.2) from /Users/vlad.ivanovic/.rvm/gems/ruby-2.1.0/specifications/rack-1.5.2.gemspec
I, [2014-08-22T16:25:44.922903 #5396]  INFO -- : 0:  url_mount (0.2.1) from /Users/vlad.ivanovic/.rvm/gems/ruby-2.1.0/specifications/url_mount-0.2.1.gemspec
I, [2014-08-22T16:25:44.923165 #5396]  INFO -- : 0:  http_router (0.11.1) from /Users/vlad.ivanovic/.rvm/gems/ruby-2.1.0/specifications/http_router-0.11.1.gemspec
I, [2014-08-22T16:25:44.923432 #5396]  INFO -- : 0:  mime-types (1.25.1) from /Users/vlad.ivanovic/.rvm/gems/ruby-2.1.0@global/specifications/mime-types-1.25.1.gemspec
I, [2014-08-22T16:25:44.923722 #5396]  INFO -- : 0:  polyglot (0.3.5) from /Users/vlad.ivanovic/.rvm/gems/ruby-2.1.0@global/specifications/polyglot-0.3.5.gemspec
I, [2014-08-22T16:25:44.923970 #5396]  INFO -- : 0:  treetop (1.4.15) from /Users/vlad.ivanovic/.rvm/gems/ruby-2.1.0@global/specifications/treetop-1.4.15.gemspec
I, [2014-08-22T16:25:44.924227 #5396]  INFO -- : 0:  mail (2.5.4) from /Users/vlad.ivanovic/.rvm/gems/ruby-2.1.0@global/specifications/mail-2.5.4.gemspec
I, [2014-08-22T16:25:44.924467 #5396]  INFO -- : 0:  moneta (0.7.20) from /Users/vlad.ivanovic/.rvm/gems/ruby-2.1.0/specifications/moneta-0.7.20.gemspec
I, [2014-08-22T16:25:44.924707 #5396]  INFO -- : 0:  padrino-support (0.12.3) from /Users/vlad.ivanovic/.rvm/gems/ruby-2.1.0/specifications/padrino-support-0.12.3.gemspec
I, [2014-08-22T16:25:44.924964 #5396]  INFO -- : 0:  rack-protection (1.5.3) from /Users/vlad.ivanovic/.rvm/gems/ruby-2.1.0/specifications/rack-protection-1.5.3.gemspec
I, [2014-08-22T16:25:44.925214 #5396]  INFO -- : 0:  sinatra (1.4.5) from /Users/vlad.ivanovic/.rvm/gems/ruby-2.1.0/specifications/sinatra-1.4.5.gemspec
I, [2014-08-22T16:25:44.925479 #5396]  INFO -- : 0:  thor (0.19.1) from /Users/vlad.ivanovic/.rvm/gems/ruby-2.1.0@global/specifications/thor-0.19.1.gemspec
I, [2014-08-22T16:25:44.925743 #5396]  INFO -- : 0:  padrino-core (0.12.3) from /Users/vlad.ivanovic/.rvm/gems/ruby-2.1.0/specifications/padrino-core-0.12.3.gemspec
I, [2014-08-22T16:25:44.925998 #5396]  INFO -- : 0:  padrino-helpers (0.12.3) from /Users/vlad.ivanovic/.rvm/gems/ruby-2.1.0/specifications/padrino-helpers-0.12.3.gemspec
I, [2014-08-22T16:25:44.926252 #5396]  INFO -- : 0:  padrino-admin (0.12.3) from /Users/vlad.ivanovic/.rvm/gems/ruby-2.1.0/specifications/padrino-admin-0.12.3.gemspec
I, [2014-08-22T16:25:44.926492 #5396]  INFO -- : 0:  padrino-cache (0.12.3) from /Users/vlad.ivanovic/.rvm/gems/ruby-2.1.0/specifications/padrino-cache-0.12.3.gemspec
I, [2014-08-22T16:25:44.926731 #5396]  INFO -- : 0:  padrino-gen (0.12.3) from /Users/vlad.ivanovic/.rvm/gems/ruby-2.1.0/specifications/padrino-gen-0.12.3.gemspec
I, [2014-08-22T16:25:44.926980 #5396]  INFO -- : 0:  padrino-mailer (0.12.3) from /Users/vlad.ivanovic/.rvm/gems/ruby-2.1.0/specifications/padrino-mailer-0.12.3.gemspec
I, [2014-08-22T16:25:44.927216 #5396]  INFO -- : 0:  padrino (0.12.3) from /Users/vlad.ivanovic/.rvm/gems/ruby-2.1.0/specifications/padrino-0.12.3.gemspec
I, [2014-08-22T16:25:44.927454 #5396]  INFO -- : 0:  pg (0.17.1) from /Users/vlad.ivanovic/.rvm/gems/ruby-2.1.0/specifications/pg-0.17.1.gemspec
I, [2014-08-22T16:25:45.771556 #5396]  INFO -- : 0:  rack-coffee (1.0.3) from /Users/vlad.ivanovic/.rvm/gems/ruby-2.1.0/specifications/rack-coffee-1.0.3.gemspec
I, [2014-08-22T16:25:45.771910 #5396]  INFO -- : 0:  rack-test (0.6.2) from /Users/vlad.ivanovic/.rvm/gems/ruby-2.1.0/specifications/rack-test-0.6.2.gemspec
I, [2014-08-22T16:25:45.772166 #5396]  INFO -- : 0:  rr (1.1.2) from /Users/vlad.ivanovic/.rvm/gems/ruby-2.1.0/specifications/rr-1.1.2.gemspec
I, [2014-08-22T16:25:45.772451 #5396]  INFO -- : 0:  rspec-support (3.0.4) from /Users/vlad.ivanovic/.rvm/gems/ruby-2.1.0/specifications/rspec-support-3.0.4.gemspec
I, [2014-08-22T16:25:45.772707 #5396]  INFO -- : 0:  rspec-core (3.0.4) from /Users/vlad.ivanovic/.rvm/gems/ruby-2.1.0/specifications/rspec-core-3.0.4.gemspec
I, [2014-08-22T16:25:45.772967 #5396]  INFO -- : 0:  rspec-expectations (3.0.4) from /Users/vlad.ivanovic/.rvm/gems/ruby-2.1.0/specifications/rspec-expectations-3.0.4.gemspec
I, [2014-08-22T16:25:45.773223 #5396]  INFO -- : 0:  rspec-mocks (3.0.4) from /Users/vlad.ivanovic/.rvm/gems/ruby-2.1.0/specifications/rspec-mocks-3.0.4.gemspec
I, [2014-08-22T16:25:45.773479 #5396]  INFO -- : 0:  rspec (3.0.0) from /Users/vlad.ivanovic/.rvm/gems/ruby-2.1.0/specifications/rspec-3.0.0.gemspec
I, [2014-08-22T16:25:45.773726 #5396]  INFO -- : 0:  sass (3.4.0) from /Users/vlad.ivanovic/.rvm/gems/ruby-2.1.0/specifications/sass-3.4.0.gemspec
I, [2014-08-22T16:25:45.773980 #5396]  INFO -- : 0:  sequel (4.13.0) from /Users/vlad.ivanovic/.rvm/gems/ruby-2.1.0/specifications/sequel-4.13.0.gemspec
I, [2014-08-22T16:27:10.433241 #5430]  INFO -- : 0:  rake (10.3.2) from /Users/vlad.ivanovic/.rvm/gems/ruby-2.1.0@global/specifications/rake-10.3.2.gemspec
I, [2014-08-22T16:27:10.433614 #5430]  INFO -- : 0:  i18n (0.6.11) from /Users/vlad.ivanovic/.rvm/gems/ruby-2.1.0/specifications/i18n-0.6.11.gemspec
I, [2014-08-22T16:27:10.433884 #5430]  INFO -- : 0:  json (1.8.1) from /Users/vlad.ivanovic/.rvm/rubies/ruby-2.1.0/lib/ruby/gems/2.1.0/specifications/default/json-1.8.1.gemspec
I, [2014-08-22T16:27:10.434175 #5430]  INFO -- : 0:  minitest (5.4.0) from /Users/vlad.ivanovic/.rvm/gems/ruby-2.1.0/specifications/minitest-5.4.0.gemspec
I, [2014-08-22T16:27:10.434437 #5430]  INFO -- : 0:  thread_safe (0.3.4) from /Users/vlad.ivanovic/.rvm/gems/ruby-2.1.0@global/specifications/thread_safe-0.3.4.gemspec
I, [2014-08-22T16:27:10.434714 #5430]  INFO -- : 0:  tzinfo (1.2.2) from /Users/vlad.ivanovic/.rvm/gems/ruby-2.1.0/specifications/tzinfo-1.2.2.gemspec
I, [2014-08-22T16:27:10.434999 #5430]  INFO -- : 0:  activesupport (4.1.5) from /Users/vlad.ivanovic/.rvm/gems/ruby-2.1.0/specifications/activesupport-4.1.5.gemspec
I, [2014-08-22T16:27:10.435266 #5430]  INFO -- : 0:  coffee-script-source (1.7.1) from /Users/vlad.ivanovic/.rvm/gems/ruby-2.1.0/specifications/coffee-script-source-1.7.1.gemspec
I, [2014-08-22T16:27:10.435541 #5430]  INFO -- : 0:  execjs (2.2.1) from /Users/vlad.ivanovic/.rvm/gems/ruby-2.1.0/specifications/execjs-2.2.1.gemspec
I, [2014-08-22T16:27:10.435823 #5430]  INFO -- : 0:  coffee-script (2.3.0) from /Users/vlad.ivanovic/.rvm/gems/ruby-2.1.0/specifications/coffee-script-2.3.0.gemspec
I, [2014-08-22T16:27:10.436099 #5430]  INFO -- : 0:  diff-lcs (1.2.5) from /Users/vlad.ivanovic/.rvm/gems/ruby-2.1.0/specifications/diff-lcs-1.2.5.gemspec
I, [2014-08-22T16:27:10.436381 #5430]  INFO -- : 0:  tilt (1.4.1) from /Users/vlad.ivanovic/.rvm/gems/ruby-2.1.0/specifications/tilt-1.4.1.gemspec
I, [2014-08-22T16:27:10.438221 #5430]  INFO -- : 0:  haml (4.0.5) from /Users/vlad.ivanovic/.rvm/gems/ruby-2.1.0/specifications/haml-4.0.5.gemspec
I, [2014-08-22T16:27:10.438561 #5430]  INFO -- : 0:  rack (1.5.2) from /Users/vlad.ivanovic/.rvm/gems/ruby-2.1.0/specifications/rack-1.5.2.gemspec
I, [2014-08-22T16:27:10.438830 #5430]  INFO -- : 0:  url_mount (0.2.1) from /Users/vlad.ivanovic/.rvm/gems/ruby-2.1.0/specifications/url_mount-0.2.1.gemspec
I, [2014-08-22T16:27:10.439088 #5430]  INFO -- : 0:  http_router (0.11.1) from /Users/vlad.ivanovic/.rvm/gems/ruby-2.1.0/specifications/http_router-0.11.1.gemspec
I, [2014-08-22T16:27:10.439356 #5430]  INFO -- : 0:  mime-types (1.25.1) from /Users/vlad.ivanovic/.rvm/gems/ruby-2.1.0@global/specifications/mime-types-1.25.1.gemspec
I, [2014-08-22T16:27:10.439609 #5430]  INFO -- : 0:  polyglot (0.3.5) from /Users/vlad.ivanovic/.rvm/gems/ruby-2.1.0@global/specifications/polyglot-0.3.5.gemspec
I, [2014-08-22T16:27:10.439878 #5430]  INFO -- : 0:  treetop (1.4.15) from /Users/vlad.ivanovic/.rvm/gems/ruby-2.1.0@global/specifications/treetop-1.4.15.gemspec
I, [2014-08-22T16:27:10.440144 #5430]  INFO -- : 0:  mail (2.5.4) from /Users/vlad.ivanovic/.rvm/gems/ruby-2.1.0@global/specifications/mail-2.5.4.gemspec
I, [2014-08-22T16:27:10.440388 #5430]  INFO -- : 0:  moneta (0.7.20) from /Users/vlad.ivanovic/.rvm/gems/ruby-2.1.0/specifications/moneta-0.7.20.gemspec
I, [2014-08-22T16:27:10.440632 #5430]  INFO -- : 0:  padrino-support (0.12.3) from /Users/vlad.ivanovic/.rvm/gems/ruby-2.1.0/specifications/padrino-support-0.12.3.gemspec
I, [2014-08-22T16:27:10.440923 #5430]  INFO -- : 0:  rack-protection (1.5.3) from /Users/vlad.ivanovic/.rvm/gems/ruby-2.1.0/specifications/rack-protection-1.5.3.gemspec
I, [2014-08-22T16:27:10.441223 #5430]  INFO -- : 0:  sinatra (1.4.5) from /Users/vlad.ivanovic/.rvm/gems/ruby-2.1.0/specifications/sinatra-1.4.5.gemspec
I, [2014-08-22T16:27:10.441516 #5430]  INFO -- : 0:  thor (0.19.1) from /Users/vlad.ivanovic/.rvm/gems/ruby-2.1.0@global/specifications/thor-0.19.1.gemspec
I, [2014-08-22T16:27:10.441797 #5430]  INFO -- : 0:  padrino-core (0.12.3) from /Users/vlad.ivanovic/.rvm/gems/ruby-2.1.0/specifications/padrino-core-0.12.3.gemspec
I, [2014-08-22T16:27:10.442049 #5430]  INFO -- : 0:  padrino-helpers (0.12.3) from /Users/vlad.ivanovic/.rvm/gems/ruby-2.1.0/specifications/padrino-helpers-0.12.3.gemspec
I, [2014-08-22T16:27:10.442291 #5430]  INFO -- : 0:  padrino-admin (0.12.3) from /Users/vlad.ivanovic/.rvm/gems/ruby-2.1.0/specifications/padrino-admin-0.12.3.gemspec
I, [2014-08-22T16:27:10.442557 #5430]  INFO -- : 0:  padrino-cache (0.12.3) from /Users/vlad.ivanovic/.rvm/gems/ruby-2.1.0/specifications/padrino-cache-0.12.3.gemspec
I, [2014-08-22T16:27:10.442813 #5430]  INFO -- : 0:  bundler (1.5.1) from /Users/vlad.ivanovic/.rvm/gems/ruby-2.1.0@global/specifications/bundler-1.5.1.gemspec
I, [2014-08-22T16:27:10.443047 #5430]  INFO -- : 0:  padrino-gen (0.12.3) from /Users/vlad.ivanovic/.rvm/gems/ruby-2.1.0/specifications/padrino-gen-0.12.3.gemspec
I, [2014-08-22T16:27:10.443301 #5430]  INFO -- : 0:  padrino-mailer (0.12.3) from /Users/vlad.ivanovic/.rvm/gems/ruby-2.1.0/specifications/padrino-mailer-0.12.3.gemspec
I, [2014-08-22T16:27:10.443574 #5430]  INFO -- : 0:  padrino (0.12.3) from /Users/vlad.ivanovic/.rvm/gems/ruby-2.1.0/specifications/padrino-0.12.3.gemspec
I, [2014-08-22T16:27:10.443849 #5430]  INFO -- : 0:  pg (0.17.1) from /Users/vlad.ivanovic/.rvm/gems/ruby-2.1.0/specifications/pg-0.17.1.gemspec
I, [2014-08-22T16:27:10.444090 #5430]  INFO -- : 0:  rack-coffee (1.0.3) from /Users/vlad.ivanovic/.rvm/gems/ruby-2.1.0/specifications/rack-coffee-1.0.3.gemspec
I, [2014-08-22T16:27:10.444334 #5430]  INFO -- : 0:  rack-test (0.6.2) from /Users/vlad.ivanovic/.rvm/gems/ruby-2.1.0/specifications/rack-test-0.6.2.gemspec
I, [2014-08-22T16:27:10.444588 #5430]  INFO -- : 0:  rr (1.1.2) from /Users/vlad.ivanovic/.rvm/gems/ruby-2.1.0/specifications/rr-1.1.2.gemspec
I, [2014-08-22T16:27:10.444829 #5430]  INFO -- : 0:  rspec-support (3.0.4) from /Users/vlad.ivanovic/.rvm/gems/ruby-2.1.0/specifications/rspec-support-3.0.4.gemspec
I, [2014-08-22T16:27:10.445080 #5430]  INFO -- : 0:  rspec-core (3.0.4) from /Users/vlad.ivanovic/.rvm/gems/ruby-2.1.0/specifications/rspec-core-3.0.4.gemspec
I, [2014-08-22T16:27:10.445345 #5430]  INFO -- : 0:  rspec-expectations (3.0.4) from /Users/vlad.ivanovic/.rvm/gems/ruby-2.1.0/specifications/rspec-expectations-3.0.4.gemspec
I, [2014-08-22T16:27:10.445615 #5430]  INFO -- : 0:  rspec-mocks (3.0.4) from /Users/vlad.ivanovic/.rvm/gems/ruby-2.1.0/specifications/rspec-mocks-3.0.4.gemspec
I, [2014-08-22T16:27:10.445863 #5430]  INFO -- : 0:  rspec (3.0.0) from /Users/vlad.ivanovic/.rvm/gems/ruby-2.1.0/specifications/rspec-3.0.0.gemspec
I, [2014-08-22T16:27:10.446142 #5430]  INFO -- : 0:  sass (3.4.0) from /Users/vlad.ivanovic/.rvm/gems/ruby-2.1.0/specifications/sass-3.4.0.gemspec
I, [2014-08-22T16:27:10.446387 #5430]  INFO -- : 0:  sequel (4.13.0) from /Users/vlad.ivanovic/.rvm/gems/ruby-2.1.0/specifications/sequel-4.13.0.gemspec
I, [2014-08-25T13:16:13.566587 #3240]  INFO -- : 0:  rake (10.3.2) from /Users/vlad.ivanovic/.rvm/gems/ruby-2.1.0@global/specifications/rake-10.3.2.gemspec
I, [2014-08-25T13:16:13.582164 #3240]  INFO -- : 0:  i18n (0.6.11) from /Users/vlad.ivanovic/.rvm/gems/ruby-2.1.0/specifications/i18n-0.6.11.gemspec
I, [2014-08-25T13:16:13.582465 #3240]  INFO -- : 0:  json (1.8.1) from /Users/vlad.ivanovic/.rvm/rubies/ruby-2.1.0/lib/ruby/gems/2.1.0/specifications/default/json-1.8.1.gemspec
I, [2014-08-25T13:16:13.582758 #3240]  INFO -- : 0:  minitest (5.4.0) from /Users/vlad.ivanovic/.rvm/gems/ruby-2.1.0/specifications/minitest-5.4.0.gemspec
I, [2014-08-25T13:16:13.583063 #3240]  INFO -- : 0:  thread_safe (0.3.4) from /Users/vlad.ivanovic/.rvm/gems/ruby-2.1.0@global/specifications/thread_safe-0.3.4.gemspec
I, [2014-08-25T13:16:13.583344 #3240]  INFO -- : 0:  tzinfo (1.2.2) from /Users/vlad.ivanovic/.rvm/gems/ruby-2.1.0/specifications/tzinfo-1.2.2.gemspec
I, [2014-08-25T13:16:13.583663 #3240]  INFO -- : 0:  activesupport (4.1.5) from /Users/vlad.ivanovic/.rvm/gems/ruby-2.1.0/specifications/activesupport-4.1.5.gemspec
I, [2014-08-25T13:16:13.583946 #3240]  INFO -- : 0:  coffee-script-source (1.7.1) from /Users/vlad.ivanovic/.rvm/gems/ruby-2.1.0/specifications/coffee-script-source-1.7.1.gemspec
I, [2014-08-25T13:16:13.584244 #3240]  INFO -- : 0:  execjs (2.2.1) from /Users/vlad.ivanovic/.rvm/gems/ruby-2.1.0/specifications/execjs-2.2.1.gemspec
I, [2014-08-25T13:16:13.584557 #3240]  INFO -- : 0:  coffee-script (2.3.0) from /Users/vlad.ivanovic/.rvm/gems/ruby-2.1.0/specifications/coffee-script-2.3.0.gemspec
I, [2014-08-25T13:16:13.584872 #3240]  INFO -- : 0:  diff-lcs (1.2.5) from /Users/vlad.ivanovic/.rvm/gems/ruby-2.1.0/specifications/diff-lcs-1.2.5.gemspec
I, [2014-08-25T13:16:13.585154 #3240]  INFO -- : 0:  tilt (1.4.1) from /Users/vlad.ivanovic/.rvm/gems/ruby-2.1.0/specifications/tilt-1.4.1.gemspec
I, [2014-08-25T13:16:13.587024 #3240]  INFO -- : 0:  haml (4.0.5) from /Users/vlad.ivanovic/.rvm/gems/ruby-2.1.0/specifications/haml-4.0.5.gemspec
I, [2014-08-25T13:16:13.587309 #3240]  INFO -- : 0:  rack (1.5.2) from /Users/vlad.ivanovic/.rvm/gems/ruby-2.1.0/specifications/rack-1.5.2.gemspec
I, [2014-08-25T13:16:13.587559 #3240]  INFO -- : 0:  url_mount (0.2.1) from /Users/vlad.ivanovic/.rvm/gems/ruby-2.1.0/specifications/url_mount-0.2.1.gemspec
I, [2014-08-25T13:16:13.587807 #3240]  INFO -- : 0:  http_router (0.11.1) from /Users/vlad.ivanovic/.rvm/gems/ruby-2.1.0/specifications/http_router-0.11.1.gemspec
I, [2014-08-25T13:16:13.588096 #3240]  INFO -- : 0:  mime-types (1.25.1) from /Users/vlad.ivanovic/.rvm/gems/ruby-2.1.0@global/specifications/mime-types-1.25.1.gemspec
I, [2014-08-25T13:16:13.588326 #3240]  INFO -- : 0:  polyglot (0.3.5) from /Users/vlad.ivanovic/.rvm/gems/ruby-2.1.0@global/specifications/polyglot-0.3.5.gemspec
I, [2014-08-25T13:16:13.588587 #3240]  INFO -- : 0:  treetop (1.4.15) from /Users/vlad.ivanovic/.rvm/gems/ruby-2.1.0@global/specifications/treetop-1.4.15.gemspec
I, [2014-08-25T13:16:13.588833 #3240]  INFO -- : 0:  mail (2.5.4) from /Users/vlad.ivanovic/.rvm/gems/ruby-2.1.0@global/specifications/mail-2.5.4.gemspec
I, [2014-08-25T13:16:13.589073 #3240]  INFO -- : 0:  moneta (0.7.20) from /Users/vlad.ivanovic/.rvm/gems/ruby-2.1.0/specifications/moneta-0.7.20.gemspec
I, [2014-08-25T13:16:13.589310 #3240]  INFO -- : 0:  padrino-support (0.12.3) from /Users/vlad.ivanovic/.rvm/gems/ruby-2.1.0/specifications/padrino-support-0.12.3.gemspec
I, [2014-08-25T13:16:13.589573 #3240]  INFO -- : 0:  rack-protection (1.5.3) from /Users/vlad.ivanovic/.rvm/gems/ruby-2.1.0/specifications/rack-protection-1.5.3.gemspec
I, [2014-08-25T13:16:13.589836 #3240]  INFO -- : 0:  sinatra (1.4.5) from /Users/vlad.ivanovic/.rvm/gems/ruby-2.1.0/specifications/sinatra-1.4.5.gemspec
I, [2014-08-25T13:16:13.590097 #3240]  INFO -- : 0:  thor (0.19.1) from /Users/vlad.ivanovic/.rvm/gems/ruby-2.1.0@global/specifications/thor-0.19.1.gemspec
I, [2014-08-25T13:16:13.590339 #3240]  INFO -- : 0:  padrino-core (0.12.3) from /Users/vlad.ivanovic/.rvm/gems/ruby-2.1.0/specifications/padrino-core-0.12.3.gemspec
I, [2014-08-25T13:16:13.590601 #3240]  INFO -- : 0:  padrino-helpers (0.12.3) from /Users/vlad.ivanovic/.rvm/gems/ruby-2.1.0/specifications/padrino-helpers-0.12.3.gemspec
I, [2014-08-25T13:16:13.590841 #3240]  INFO -- : 0:  padrino-admin (0.12.3) from /Users/vlad.ivanovic/.rvm/gems/ruby-2.1.0/specifications/padrino-admin-0.12.3.gemspec
I, [2014-08-25T13:16:13.591097 #3240]  INFO -- : 0:  padrino-cache (0.12.3) from /Users/vlad.ivanovic/.rvm/gems/ruby-2.1.0/specifications/padrino-cache-0.12.3.gemspec
I, [2014-08-25T13:16:13.591356 #3240]  INFO -- : 0:  bundler (1.5.1) from /Users/vlad.ivanovic/.rvm/gems/ruby-2.1.0@global/specifications/bundler-1.5.1.gemspec
I, [2014-08-25T13:16:13.591593 #3240]  INFO -- : 0:  padrino-gen (0.12.3) from /Users/vlad.ivanovic/.rvm/gems/ruby-2.1.0/specifications/padrino-gen-0.12.3.gemspec
I, [2014-08-25T13:16:13.591841 #3240]  INFO -- : 0:  padrino-mailer (0.12.3) from /Users/vlad.ivanovic/.rvm/gems/ruby-2.1.0/specifications/padrino-mailer-0.12.3.gemspec
I, [2014-08-25T13:16:13.592133 #3240]  INFO -- : 0:  padrino (0.12.3) from /Users/vlad.ivanovic/.rvm/gems/ruby-2.1.0/specifications/padrino-0.12.3.gemspec
I, [2014-08-25T13:16:13.592381 #3240]  INFO -- : 0:  pg (0.17.1) from /Users/vlad.ivanovic/.rvm/gems/ruby-2.1.0/specifications/pg-0.17.1.gemspec
I, [2014-08-25T13:16:13.592617 #3240]  INFO -- : 0:  rack-coffee (1.0.3) from /Users/vlad.ivanovic/.rvm/gems/ruby-2.1.0/specifications/rack-coffee-1.0.3.gemspec
I, [2014-08-25T13:16:13.592855 #3240]  INFO -- : 0:  rack-test (0.6.2) from /Users/vlad.ivanovic/.rvm/gems/ruby-2.1.0/specifications/rack-test-0.6.2.gemspec
I, [2014-08-25T13:16:13.593114 #3240]  INFO -- : 0:  rr (1.1.2) from /Users/vlad.ivanovic/.rvm/gems/ruby-2.1.0/specifications/rr-1.1.2.gemspec
I, [2014-08-25T13:16:13.593355 #3240]  INFO -- : 0:  rspec-support (3.0.4) from /Users/vlad.ivanovic/.rvm/gems/ruby-2.1.0/specifications/rspec-support-3.0.4.gemspec
I, [2014-08-25T13:16:13.593603 #3240]  INFO -- : 0:  rspec-core (3.0.4) from /Users/vlad.ivanovic/.rvm/gems/ruby-2.1.0/specifications/rspec-core-3.0.4.gemspec
I, [2014-08-25T13:16:13.593867 #3240]  INFO -- : 0:  rspec-expectations (3.0.4) from /Users/vlad.ivanovic/.rvm/gems/ruby-2.1.0/specifications/rspec-expectations-3.0.4.gemspec
I, [2014-08-25T13:16:13.594144 #3240]  INFO -- : 0:  rspec-mocks (3.0.4) from /Users/vlad.ivanovic/.rvm/gems/ruby-2.1.0/specifications/rspec-mocks-3.0.4.gemspec
I, [2014-08-25T13:16:13.594415 #3240]  INFO -- : 0:  rspec (3.0.0) from /Users/vlad.ivanovic/.rvm/gems/ruby-2.1.0/specifications/rspec-3.0.0.gemspec
I, [2014-08-25T13:16:13.594668 #3240]  INFO -- : 0:  sass (3.4.0) from /Users/vlad.ivanovic/.rvm/gems/ruby-2.1.0/specifications/sass-3.4.0.gemspec
I, [2014-08-25T13:16:13.594917 #3240]  INFO -- : 0:  sequel (4.13.0) from /Users/vlad.ivanovic/.rvm/gems/ruby-2.1.0/specifications/sequel-4.13.0.gemspec
I, [2014-08-25T13:43:13.604931 #30825]  INFO -- : 0:  rake (10.3.2) from /Users/vlad.ivanovic/.rvm/gems/ruby-2.1.0@global/specifications/rake-10.3.2.gemspec
I, [2014-08-25T13:43:13.617471 #30825]  INFO -- : 0:  i18n (0.6.11) from /Users/vlad.ivanovic/.rvm/gems/ruby-2.1.0/specifications/i18n-0.6.11.gemspec
I, [2014-08-25T13:43:13.617897 #30825]  INFO -- : 0:  json (1.8.1) from /Users/vlad.ivanovic/.rvm/rubies/ruby-2.1.0/lib/ruby/gems/2.1.0/specifications/default/json-1.8.1.gemspec
I, [2014-08-25T13:43:13.618289 #30825]  INFO -- : 0:  minitest (5.4.0) from /Users/vlad.ivanovic/.rvm/gems/ruby-2.1.0/specifications/minitest-5.4.0.gemspec
I, [2014-08-25T13:43:13.618679 #30825]  INFO -- : 0:  thread_safe (0.3.4) from /Users/vlad.ivanovic/.rvm/gems/ruby-2.1.0@global/specifications/thread_safe-0.3.4.gemspec
I, [2014-08-25T13:43:13.619033 #30825]  INFO -- : 0:  tzinfo (1.2.2) from /Users/vlad.ivanovic/.rvm/gems/ruby-2.1.0/specifications/tzinfo-1.2.2.gemspec
I, [2014-08-25T13:43:13.619402 #30825]  INFO -- : 0:  activesupport (4.1.5) from /Users/vlad.ivanovic/.rvm/gems/ruby-2.1.0/specifications/activesupport-4.1.5.gemspec
I, [2014-08-25T13:43:13.619770 #30825]  INFO -- : 0:  addressable (2.3.6) from /Users/vlad.ivanovic/.rvm/gems/ruby-2.1.0/specifications/addressable-2.3.6.gemspec
I, [2014-08-25T13:43:18.134087 #30825]  INFO -- : 0:  bcrypt (3.1.7) from /Users/vlad.ivanovic/.rvm/gems/ruby-2.1.0/specifications/bcrypt-3.1.7.gemspec
I, [2014-08-25T13:43:18.134715 #30825]  INFO -- : 0:  bundler (1.5.1) from /Users/vlad.ivanovic/.rvm/gems/ruby-2.1.0@global/specifications/bundler-1.5.1.gemspec
I, [2014-08-25T13:43:18.135098 #30825]  INFO -- : 0:  mime-types (1.25.1) from /Users/vlad.ivanovic/.rvm/gems/ruby-2.1.0@global/specifications/mime-types-1.25.1.gemspec
I, [2014-08-25T13:43:18.135438 #30825]  INFO -- : 0:  mini_portile (0.6.0) from /Users/vlad.ivanovic/.rvm/gems/ruby-2.1.0/specifications/mini_portile-0.6.0.gemspec
I, [2014-08-25T13:43:18.135758 #30825]  INFO -- : 0:  nokogiri (1.6.3.1) from /Users/vlad.ivanovic/.rvm/gems/ruby-2.1.0/specifications/nokogiri-1.6.3.1.gemspec
I, [2014-08-25T13:43:18.136084 #30825]  INFO -- : 0:  rack (1.5.2) from /Users/vlad.ivanovic/.rvm/gems/ruby-2.1.0/specifications/rack-1.5.2.gemspec
I, [2014-08-25T13:43:18.136410 #30825]  INFO -- : 0:  rack-test (0.6.2) from /Users/vlad.ivanovic/.rvm/gems/ruby-2.1.0/specifications/rack-test-0.6.2.gemspec
I, [2014-08-25T13:43:18.136748 #30825]  INFO -- : 0:  xpath (2.0.0) from /Users/vlad.ivanovic/.rvm/gems/ruby-2.1.0/specifications/xpath-2.0.0.gemspec
I, [2014-08-25T13:43:19.555864 #30825]  INFO -- : 0:  capybara (2.4.1) from /Users/vlad.ivanovic/.rvm/gems/ruby-2.1.0/specifications/capybara-2.4.1.gemspec
I, [2014-08-25T13:43:19.556342 #30825]  INFO -- : 0:  coffee-script-source (1.7.1) from /Users/vlad.ivanovic/.rvm/gems/ruby-2.1.0/specifications/coffee-script-source-1.7.1.gemspec
I, [2014-08-25T13:43:19.556689 #30825]  INFO -- : 0:  execjs (2.2.1) from /Users/vlad.ivanovic/.rvm/gems/ruby-2.1.0/specifications/execjs-2.2.1.gemspec
I, [2014-08-25T13:43:19.557092 #30825]  INFO -- : 0:  coffee-script (2.3.0) from /Users/vlad.ivanovic/.rvm/gems/ruby-2.1.0/specifications/coffee-script-2.3.0.gemspec
I, [2014-08-25T13:43:19.557572 #30825]  INFO -- : 0:  columnize (0.8.9) from /Users/vlad.ivanovic/.rvm/gems/ruby-2.1.0/specifications/columnize-0.8.9.gemspec
I, [2014-08-25T13:43:19.557963 #30825]  INFO -- : 0:  daemons (1.1.9) from /Users/vlad.ivanovic/.rvm/gems/ruby-2.1.0/specifications/daemons-1.1.9.gemspec
I, [2014-08-25T13:43:19.558274 #30825]  INFO -- : 0:  debugger-linecache (1.2.0) from /Users/vlad.ivanovic/.rvm/gems/ruby-2.1.0/specifications/debugger-linecache-1.2.0.gemspec
I, [2014-08-25T13:43:19.558597 #30825]  INFO -- : 0:  debugger-ruby_core_source (1.3.5) from /Users/vlad.ivanovic/.rvm/gems/ruby-2.1.0/specifications/debugger-ruby_core_source-1.3.5.gemspec
I, [2014-08-25T13:43:19.558870 #30825]  INFO -- : 0:  debugger (1.6.8) from /Users/vlad.ivanovic/.rvm/gems/ruby-2.1.0/specifications/debugger-1.6.8.gemspec
I, [2014-08-25T13:43:19.559200 #30825]  INFO -- : 0:  diff-lcs (1.2.5) from /Users/vlad.ivanovic/.rvm/gems/ruby-2.1.0/specifications/diff-lcs-1.2.5.gemspec
I, [2014-08-25T13:43:19.559554 #30825]  INFO -- : 0:  eventmachine (1.0.3) from /Users/vlad.ivanovic/.rvm/gems/ruby-2.1.0/specifications/eventmachine-1.0.3.gemspec
I, [2014-08-25T13:43:19.559823 #30825]  INFO -- : 0:  tilt (1.4.1) from /Users/vlad.ivanovic/.rvm/gems/ruby-2.1.0/specifications/tilt-1.4.1.gemspec
I, [2014-08-25T13:43:19.560061 #30825]  INFO -- : 0:  haml (4.0.5) from /Users/vlad.ivanovic/.rvm/gems/ruby-2.1.0/specifications/haml-4.0.5.gemspec
I, [2014-08-25T13:43:19.560289 #30825]  INFO -- : 0:  url_mount (0.2.1) from /Users/vlad.ivanovic/.rvm/gems/ruby-2.1.0/specifications/url_mount-0.2.1.gemspec
I, [2014-08-25T13:43:19.560520 #30825]  INFO -- : 0:  http_router (0.11.1) from /Users/vlad.ivanovic/.rvm/gems/ruby-2.1.0/specifications/http_router-0.11.1.gemspec
I, [2014-08-25T13:43:19.560748 #30825]  INFO -- : 0:  launchy (2.4.2) from /Users/vlad.ivanovic/.rvm/gems/ruby-2.1.0/specifications/launchy-2.4.2.gemspec
I, [2014-08-25T13:43:19.560995 #30825]  INFO -- : 0:  polyglot (0.3.5) from /Users/vlad.ivanovic/.rvm/gems/ruby-2.1.0@global/specifications/polyglot-0.3.5.gemspec
I, [2014-08-25T13:43:19.561237 #30825]  INFO -- : 0:  treetop (1.4.15) from /Users/vlad.ivanovic/.rvm/gems/ruby-2.1.0@global/specifications/treetop-1.4.15.gemspec
I, [2014-08-25T13:43:19.561491 #30825]  INFO -- : 0:  mail (2.5.4) from /Users/vlad.ivanovic/.rvm/gems/ruby-2.1.0@global/specifications/mail-2.5.4.gemspec
I, [2014-08-25T13:43:19.561712 #30825]  INFO -- : 0:  moneta (0.7.20) from /Users/vlad.ivanovic/.rvm/gems/ruby-2.1.0/specifications/moneta-0.7.20.gemspec
I, [2014-08-25T13:43:23.644793 #30825]  INFO -- : 0:  oj (2.10.2) from /Users/vlad.ivanovic/.rvm/gems/ruby-2.1.0/specifications/oj-2.10.2.gemspec
I, [2014-08-25T13:43:23.645286 #30825]  INFO -- : 0:  padrino-support (0.12.3) from /Users/vlad.ivanovic/.rvm/gems/ruby-2.1.0/specifications/padrino-support-0.12.3.gemspec
I, [2014-08-25T13:43:23.645595 #30825]  INFO -- : 0:  rack-protection (1.5.3) from /Users/vlad.ivanovic/.rvm/gems/ruby-2.1.0/specifications/rack-protection-1.5.3.gemspec
I, [2014-08-25T13:43:23.645874 #30825]  INFO -- : 0:  sinatra (1.4.5) from /Users/vlad.ivanovic/.rvm/gems/ruby-2.1.0/specifications/sinatra-1.4.5.gemspec
I, [2014-08-25T13:43:23.646149 #30825]  INFO -- : 0:  thor (0.19.1) from /Users/vlad.ivanovic/.rvm/gems/ruby-2.1.0@global/specifications/thor-0.19.1.gemspec
I, [2014-08-25T13:43:23.646416 #30825]  INFO -- : 0:  padrino-core (0.12.3) from /Users/vlad.ivanovic/.rvm/gems/ruby-2.1.0/specifications/padrino-core-0.12.3.gemspec
I, [2014-08-25T13:43:23.646684 #30825]  INFO -- : 0:  padrino-helpers (0.12.3) from /Users/vlad.ivanovic/.rvm/gems/ruby-2.1.0/specifications/padrino-helpers-0.12.3.gemspec
I, [2014-08-25T13:43:23.646948 #30825]  INFO -- : 0:  padrino-admin (0.12.3) from /Users/vlad.ivanovic/.rvm/gems/ruby-2.1.0/specifications/padrino-admin-0.12.3.gemspec
I, [2014-08-25T13:43:23.647216 #30825]  INFO -- : 0:  padrino-cache (0.12.3) from /Users/vlad.ivanovic/.rvm/gems/ruby-2.1.0/specifications/padrino-cache-0.12.3.gemspec
I, [2014-08-25T13:43:23.647478 #30825]  INFO -- : 0:  padrino-gen (0.12.3) from /Users/vlad.ivanovic/.rvm/gems/ruby-2.1.0/specifications/padrino-gen-0.12.3.gemspec
I, [2014-08-25T13:43:23.647741 #30825]  INFO -- : 0:  padrino-mailer (0.12.3) from /Users/vlad.ivanovic/.rvm/gems/ruby-2.1.0/specifications/padrino-mailer-0.12.3.gemspec
I, [2014-08-25T13:43:23.648002 #30825]  INFO -- : 0:  padrino (0.12.3) from /Users/vlad.ivanovic/.rvm/gems/ruby-2.1.0/specifications/padrino-0.12.3.gemspec
I, [2014-08-25T13:43:23.648263 #30825]  INFO -- : 0:  pg (0.17.1) from /Users/vlad.ivanovic/.rvm/gems/ruby-2.1.0/specifications/pg-0.17.1.gemspec
I, [2014-08-25T13:43:23.648518 #30825]  INFO -- : 0:  rack-coffee (1.0.3) from /Users/vlad.ivanovic/.rvm/gems/ruby-2.1.0/specifications/rack-coffee-1.0.3.gemspec
I, [2014-08-25T13:43:23.648780 #30825]  INFO -- : 0:  rr (1.1.2) from /Users/vlad.ivanovic/.rvm/gems/ruby-2.1.0/specifications/rr-1.1.2.gemspec
I, [2014-08-25T13:43:23.649045 #30825]  INFO -- : 0:  rspec-support (3.0.4) from /Users/vlad.ivanovic/.rvm/gems/ruby-2.1.0/specifications/rspec-support-3.0.4.gemspec
I, [2014-08-25T13:43:23.649319 #30825]  INFO -- : 0:  rspec-core (3.0.4) from /Users/vlad.ivanovic/.rvm/gems/ruby-2.1.0/specifications/rspec-core-3.0.4.gemspec
I, [2014-08-25T13:43:23.649592 #30825]  INFO -- : 0:  rspec-expectations (3.0.4) from /Users/vlad.ivanovic/.rvm/gems/ruby-2.1.0/specifications/rspec-expectations-3.0.4.gemspec
I, [2014-08-25T13:43:23.649862 #30825]  INFO -- : 0:  rspec-mocks (3.0.4) from /Users/vlad.ivanovic/.rvm/gems/ruby-2.1.0/specifications/rspec-mocks-3.0.4.gemspec
I, [2014-08-25T13:43:23.650128 #30825]  INFO -- : 0:  rspec (3.0.0) from /Users/vlad.ivanovic/.rvm/gems/ruby-2.1.0/specifications/rspec-3.0.0.gemspec
I, [2014-08-25T13:43:25.095494 #30825]  INFO -- : 0:  sass (3.4.1) from /Users/vlad.ivanovic/.rvm/gems/ruby-2.1.0/specifications/sass-3.4.1.gemspec
I, [2014-08-25T13:43:25.095857 #30825]  INFO -- : 0:  sequel (4.13.0) from /Users/vlad.ivanovic/.rvm/gems/ruby-2.1.0/specifications/sequel-4.13.0.gemspec
I, [2014-08-25T13:43:27.052407 #30825]  INFO -- : 0:  thin (1.6.2) from /Users/vlad.ivanovic/.rvm/gems/ruby-2.1.0/specifications/thin-1.6.2.gemspec
I, [2014-09-23T14:05:43.553042 #2620]  INFO -- : 0:  rake (10.3.2) from /Users/vlad.ivanovic/.rvm/gems/ruby-2.1.0@global/specifications/rake-10.3.2.gemspec
I, [2014-09-23T14:05:43.587233 #2620]  INFO -- : 0:  i18n (0.6.11) from /Users/vlad.ivanovic/.rvm/gems/ruby-2.1.0/specifications/i18n-0.6.11.gemspec
I, [2014-09-23T14:05:43.587596 #2620]  INFO -- : 0:  json (1.8.1) from /Users/vlad.ivanovic/.rvm/rubies/ruby-2.1.0/lib/ruby/gems/2.1.0/specifications/default/json-1.8.1.gemspec
I, [2014-09-23T14:05:43.587959 #2620]  INFO -- : 0:  minitest (5.4.0) from /Users/vlad.ivanovic/.rvm/gems/ruby-2.1.0/specifications/minitest-5.4.0.gemspec
I, [2014-09-23T14:05:43.588301 #2620]  INFO -- : 0:  thread_safe (0.3.4) from /Users/vlad.ivanovic/.rvm/gems/ruby-2.1.0@global/specifications/thread_safe-0.3.4.gemspec
I, [2014-09-23T14:05:43.588611 #2620]  INFO -- : 0:  tzinfo (1.2.2) from /Users/vlad.ivanovic/.rvm/gems/ruby-2.1.0/specifications/tzinfo-1.2.2.gemspec
I, [2014-09-23T14:05:43.588889 #2620]  INFO -- : 0:  activesupport (4.1.5) from /Users/vlad.ivanovic/.rvm/gems/ruby-2.1.0/specifications/activesupport-4.1.5.gemspec
I, [2014-09-23T14:05:43.589161 #2620]  INFO -- : 0:  addressable (2.3.6) from /Users/vlad.ivanovic/.rvm/gems/ruby-2.1.0/specifications/addressable-2.3.6.gemspec
I, [2014-09-23T14:05:43.589432 #2620]  INFO -- : 0:  bcrypt (3.1.7) from /Users/vlad.ivanovic/.rvm/gems/ruby-2.1.0/specifications/bcrypt-3.1.7.gemspec
I, [2014-09-23T14:05:43.589705 #2620]  INFO -- : 0:  bundler (1.5.1) from /Users/vlad.ivanovic/.rvm/gems/ruby-2.1.0@global/specifications/bundler-1.5.1.gemspec
I, [2014-09-23T14:05:43.589983 #2620]  INFO -- : 0:  mime-types (1.25.1) from /Users/vlad.ivanovic/.rvm/gems/ruby-2.1.0@global/specifications/mime-types-1.25.1.gemspec
I, [2014-09-23T14:05:43.590252 #2620]  INFO -- : 0:  mini_portile (0.6.0) from /Users/vlad.ivanovic/.rvm/gems/ruby-2.1.0/specifications/mini_portile-0.6.0.gemspec
I, [2014-09-23T14:05:43.590525 #2620]  INFO -- : 0:  nokogiri (1.6.3.1) from /Users/vlad.ivanovic/.rvm/gems/ruby-2.1.0/specifications/nokogiri-1.6.3.1.gemspec
I, [2014-09-23T14:05:43.590866 #2620]  INFO -- : 0:  rack (1.5.2) from /Users/vlad.ivanovic/.rvm/gems/ruby-2.1.0/specifications/rack-1.5.2.gemspec
I, [2014-09-23T14:05:43.591161 #2620]  INFO -- : 0:  rack-test (0.6.2) from /Users/vlad.ivanovic/.rvm/gems/ruby-2.1.0/specifications/rack-test-0.6.2.gemspec
I, [2014-09-23T14:05:43.591426 #2620]  INFO -- : 0:  xpath (2.0.0) from /Users/vlad.ivanovic/.rvm/gems/ruby-2.1.0/specifications/xpath-2.0.0.gemspec
I, [2014-09-23T14:05:43.591711 #2620]  INFO -- : 0:  capybara (2.4.1) from /Users/vlad.ivanovic/.rvm/gems/ruby-2.1.0/specifications/capybara-2.4.1.gemspec
I, [2014-09-23T14:05:43.591986 #2620]  INFO -- : 0:  coffee-script-source (1.7.1) from /Users/vlad.ivanovic/.rvm/gems/ruby-2.1.0/specifications/coffee-script-source-1.7.1.gemspec
I, [2014-09-23T14:05:43.592406 #2620]  INFO -- : 0:  execjs (2.2.1) from /Users/vlad.ivanovic/.rvm/gems/ruby-2.1.0/specifications/execjs-2.2.1.gemspec
I, [2014-09-23T14:05:43.592894 #2620]  INFO -- : 0:  coffee-script (2.3.0) from /Users/vlad.ivanovic/.rvm/gems/ruby-2.1.0/specifications/coffee-script-2.3.0.gemspec
I, [2014-09-23T14:05:43.593326 #2620]  INFO -- : 0:  columnize (0.8.9) from /Users/vlad.ivanovic/.rvm/gems/ruby-2.1.0/specifications/columnize-0.8.9.gemspec
I, [2014-09-23T14:05:43.593751 #2620]  INFO -- : 0:  daemons (1.1.9) from /Users/vlad.ivanovic/.rvm/gems/ruby-2.1.0/specifications/daemons-1.1.9.gemspec
I, [2014-09-23T14:05:43.594191 #2620]  INFO -- : 0:  debugger-linecache (1.2.0) from /Users/vlad.ivanovic/.rvm/gems/ruby-2.1.0/specifications/debugger-linecache-1.2.0.gemspec
I, [2014-09-23T14:05:43.594623 #2620]  INFO -- : 0:  debugger-ruby_core_source (1.3.5) from /Users/vlad.ivanovic/.rvm/gems/ruby-2.1.0/specifications/debugger-ruby_core_source-1.3.5.gemspec
I, [2014-09-23T14:05:43.595036 #2620]  INFO -- : 0:  debugger (1.6.8) from /Users/vlad.ivanovic/.rvm/gems/ruby-2.1.0/specifications/debugger-1.6.8.gemspec
I, [2014-09-23T14:05:43.595313 #2620]  INFO -- : 0:  diff-lcs (1.2.5) from /Users/vlad.ivanovic/.rvm/gems/ruby-2.1.0/specifications/diff-lcs-1.2.5.gemspec
I, [2014-09-23T14:05:43.595651 #2620]  INFO -- : 0:  eventmachine (1.0.3) from /Users/vlad.ivanovic/.rvm/gems/ruby-2.1.0/specifications/eventmachine-1.0.3.gemspec
I, [2014-09-23T14:05:43.596010 #2620]  INFO -- : 0:  tilt (1.4.1) from /Users/vlad.ivanovic/.rvm/gems/ruby-2.1.0/specifications/tilt-1.4.1.gemspec
I, [2014-09-23T14:05:43.596305 #2620]  INFO -- : 0:  haml (4.0.5) from /Users/vlad.ivanovic/.rvm/gems/ruby-2.1.0/specifications/haml-4.0.5.gemspec
I, [2014-09-23T14:05:43.596716 #2620]  INFO -- : 0:  url_mount (0.2.1) from /Users/vlad.ivanovic/.rvm/gems/ruby-2.1.0/specifications/url_mount-0.2.1.gemspec
I, [2014-09-23T14:05:43.597133 #2620]  INFO -- : 0:  http_router (0.11.1) from /Users/vlad.ivanovic/.rvm/gems/ruby-2.1.0/specifications/http_router-0.11.1.gemspec
I, [2014-09-23T14:05:43.597577 #2620]  INFO -- : 0:  launchy (2.4.2) from /Users/vlad.ivanovic/.rvm/gems/ruby-2.1.0/specifications/launchy-2.4.2.gemspec
I, [2014-09-23T14:05:43.598020 #2620]  INFO -- : 0:  polyglot (0.3.5) from /Users/vlad.ivanovic/.rvm/gems/ruby-2.1.0@global/specifications/polyglot-0.3.5.gemspec
I, [2014-09-23T14:05:43.598461 #2620]  INFO -- : 0:  treetop (1.4.15) from /Users/vlad.ivanovic/.rvm/gems/ruby-2.1.0@global/specifications/treetop-1.4.15.gemspec
I, [2014-09-23T14:05:43.598890 #2620]  INFO -- : 0:  mail (2.5.4) from /Users/vlad.ivanovic/.rvm/gems/ruby-2.1.0@global/specifications/mail-2.5.4.gemspec
I, [2014-09-23T14:05:43.599303 #2620]  INFO -- : 0:  moneta (0.7.20) from /Users/vlad.ivanovic/.rvm/gems/ruby-2.1.0/specifications/moneta-0.7.20.gemspec
I, [2014-09-23T14:05:43.599701 #2620]  INFO -- : 0:  oj (2.10.2) from /Users/vlad.ivanovic/.rvm/gems/ruby-2.1.0/specifications/oj-2.10.2.gemspec
I, [2014-09-23T14:05:43.600143 #2620]  INFO -- : 0:  padrino-support (0.12.3) from /Users/vlad.ivanovic/.rvm/gems/ruby-2.1.0/specifications/padrino-support-0.12.3.gemspec
I, [2014-09-23T14:05:43.600589 #2620]  INFO -- : 0:  rack-protection (1.5.3) from /Users/vlad.ivanovic/.rvm/gems/ruby-2.1.0/specifications/rack-protection-1.5.3.gemspec
I, [2014-09-23T14:05:43.601032 #2620]  INFO -- : 0:  sinatra (1.4.5) from /Users/vlad.ivanovic/.rvm/gems/ruby-2.1.0/specifications/sinatra-1.4.5.gemspec
I, [2014-09-23T14:05:43.601469 #2620]  INFO -- : 0:  thor (0.19.1) from /Users/vlad.ivanovic/.rvm/gems/ruby-2.1.0@global/specifications/thor-0.19.1.gemspec
I, [2014-09-23T14:05:43.601901 #2620]  INFO -- : 0:  padrino-core (0.12.3) from /Users/vlad.ivanovic/.rvm/gems/ruby-2.1.0/specifications/padrino-core-0.12.3.gemspec
I, [2014-09-23T14:05:43.602346 #2620]  INFO -- : 0:  padrino-helpers (0.12.3) from /Users/vlad.ivanovic/.rvm/gems/ruby-2.1.0/specifications/padrino-helpers-0.12.3.gemspec
I, [2014-09-23T14:05:43.602793 #2620]  INFO -- : 0:  padrino-admin (0.12.3) from /Users/vlad.ivanovic/.rvm/gems/ruby-2.1.0/specifications/padrino-admin-0.12.3.gemspec
I, [2014-09-23T14:05:43.603237 #2620]  INFO -- : 0:  padrino-cache (0.12.3) from /Users/vlad.ivanovic/.rvm/gems/ruby-2.1.0/specifications/padrino-cache-0.12.3.gemspec
I, [2014-09-23T14:05:43.603678 #2620]  INFO -- : 0:  padrino-gen (0.12.3) from /Users/vlad.ivanovic/.rvm/gems/ruby-2.1.0/specifications/padrino-gen-0.12.3.gemspec
I, [2014-09-23T14:05:43.604086 #2620]  INFO -- : 0:  padrino-mailer (0.12.3) from /Users/vlad.ivanovic/.rvm/gems/ruby-2.1.0/specifications/padrino-mailer-0.12.3.gemspec
I, [2014-09-23T14:05:43.604353 #2620]  INFO -- : 0:  padrino (0.12.3) from /Users/vlad.ivanovic/.rvm/gems/ruby-2.1.0/specifications/padrino-0.12.3.gemspec
I, [2014-09-23T14:05:44.622598 #2620]  INFO -- : 0:  warden (1.2.3) from /Users/vlad.ivanovic/.rvm/gems/ruby-2.1.0/specifications/warden-1.2.3.gemspec
I, [2014-09-23T14:05:45.505267 #2620]  INFO -- : 0:  padrino-warden (0.1.0) from /Users/vlad.ivanovic/.rvm/gems/ruby-2.1.0/specifications/padrino-warden-0.1.0.gemspec
I, [2014-09-23T14:05:45.505748 #2620]  INFO -- : 0:  pg (0.17.1) from /Users/vlad.ivanovic/.rvm/gems/ruby-2.1.0/specifications/pg-0.17.1.gemspec
I, [2014-09-23T14:05:45.506099 #2620]  INFO -- : 0:  rack-coffee (1.0.3) from /Users/vlad.ivanovic/.rvm/gems/ruby-2.1.0/specifications/rack-coffee-1.0.3.gemspec
I, [2014-09-23T14:05:45.506459 #2620]  INFO -- : 0:  rr (1.1.2) from /Users/vlad.ivanovic/.rvm/gems/ruby-2.1.0/specifications/rr-1.1.2.gemspec
I, [2014-09-23T14:05:45.506820 #2620]  INFO -- : 0:  rspec-support (3.0.4) from /Users/vlad.ivanovic/.rvm/gems/ruby-2.1.0/specifications/rspec-support-3.0.4.gemspec
I, [2014-09-23T14:05:45.507162 #2620]  INFO -- : 0:  rspec-core (3.0.4) from /Users/vlad.ivanovic/.rvm/gems/ruby-2.1.0/specifications/rspec-core-3.0.4.gemspec
I, [2014-09-23T14:05:45.507504 #2620]  INFO -- : 0:  rspec-expectations (3.0.4) from /Users/vlad.ivanovic/.rvm/gems/ruby-2.1.0/specifications/rspec-expectations-3.0.4.gemspec
I, [2014-09-23T14:05:45.507843 #2620]  INFO -- : 0:  rspec-mocks (3.0.4) from /Users/vlad.ivanovic/.rvm/gems/ruby-2.1.0/specifications/rspec-mocks-3.0.4.gemspec
I, [2014-09-23T14:05:45.508173 #2620]  INFO -- : 0:  rspec (3.0.0) from /Users/vlad.ivanovic/.rvm/gems/ruby-2.1.0/specifications/rspec-3.0.0.gemspec
I, [2014-09-23T14:05:45.508506 #2620]  INFO -- : 0:  sass (3.4.1) from /Users/vlad.ivanovic/.rvm/gems/ruby-2.1.0/specifications/sass-3.4.1.gemspec
I, [2014-09-23T14:05:45.508832 #2620]  INFO -- : 0:  sequel (4.13.0) from /Users/vlad.ivanovic/.rvm/gems/ruby-2.1.0/specifications/sequel-4.13.0.gemspec
I, [2014-09-23T14:05:45.509158 #2620]  INFO -- : 0:  thin (1.6.2) from /Users/vlad.ivanovic/.rvm/gems/ruby-2.1.0/specifications/thin-1.6.2.gemspec
